

Prediction :	  1.10000000E+01    2.40331733E-01  

Locating new solution point
Start:	 2.40332E-01	dY  norm:  0.00000E+00	RHS norm:  1.06535E+01
Computing jacobian.....Ok!
	 3.03359E-01	dY  norm:  6.30277E-01	RHS norm:  3.76482E+00
	 3.37806E-01	dY  norm:  3.44462E-01	RHS norm:  1.96662E+00
	 3.75478E-01	dY  norm:  3.76723E-01	RHS norm:  7.83478E-01
	 4.00425E-01	dY  norm:  2.49467E-01	RHS norm:  2.79114E-01
	 4.14230E-01	dY  norm:  1.38055E-01	RHS norm:  6.56724E-02
Computing jacobian.....Ok!
	 4.18915E-01	dY  norm:  4.68520E-02	RHS norm:  1.86145E-03
	 4.19052E-01	dY  norm:  1.36673E-03	RHS norm:  6.00582E-05
	 4.19057E-01	dY  norm:  4.55668E-05	RHS norm:  5.73354E-08
	 4.19057E-01	dY  norm:  4.35426E-08	RHS norm:  2.17182E-12
New solution point found


New point :	  1.10000000E+01    4.19056620E-01  

Computing curve direction     .....Ok!


Prediction :	  1.11000000E+01    4.15858421E-01  

Locating new solution point
Start:	 4.15858E-01	dY  norm:  0.00000E+00	RHS norm:  3.43087E-04
	 4.15884E-01	dY  norm:  2.60559E-04	RHS norm:  3.05277E-06
	 4.15884E-01	dY  norm:  2.29800E-06	RHS norm:  5.37676E-10
	 4.15884E-01	dY  norm:  4.04811E-10	RHS norm:  0.00000E+00
New solution point found


New point :	  1.11000000E+01    4.15884247E-01  

Computing curve direction     .....Ok!


Prediction :	  1.12000000E+01    4.12737498E-01  

Locating new solution point
Start:	 4.12737E-01	dY  norm:  0.00000E+00	RHS norm:  3.37487E-04
	 4.12763E-01	dY  norm:  2.54089E-04	RHS norm:  2.97549E-06
	 4.12763E-01	dY  norm:  2.22062E-06	RHS norm:  5.15262E-10
	 4.12763E-01	dY  norm:  3.84609E-10	RHS norm:  1.33227E-15
New solution point found


New point :	  1.12000000E+01    4.12762685E-01  

Computing curve direction     .....Ok!


Prediction :	  1.13000000E+01    4.09666113E-01  

Locating new solution point
Start:	 4.09666E-01	dY  norm:  0.00000E+00	RHS norm:  3.32027E-04
	 4.09691E-01	dY  norm:  2.47834E-04	RHS norm:  2.90081E-06
	 4.09691E-01	dY  norm:  2.14650E-06	RHS norm:  4.94345E-10
	 4.09691E-01	dY  norm:  3.65860E-10	RHS norm:  3.81140E-13
New solution point found


New point :	  1.13000000E+01    4.09690681E-01  

Computing curve direction     .....Ok!


Prediction :	  1.14000000E+01    4.06643058E-01  

Locating new solution point
Start:	 4.06643E-01	dY  norm:  0.00000E+00	RHS norm:  3.26700E-04
	 4.06667E-01	dY  norm:  2.41786E-04	RHS norm:  2.82864E-06
	 4.06667E-01	dY  norm:  2.07547E-06	RHS norm:  4.74273E-10
	 4.06667E-01	dY  norm:  3.48048E-10	RHS norm:  6.66134E-16
New solution point found


New point :	  1.14000000E+01    4.06667029E-01  

Computing curve direction     .....Ok!


Prediction :	  1.15000000E+01    4.03667164E-01  

Locating new solution point
Start:	 4.03667E-01	dY  norm:  0.00000E+00	RHS norm:  3.21504E-04
	 4.03691E-01	dY  norm:  2.35936E-04	RHS norm:  2.75887E-06
	 4.03691E-01	dY  norm:  2.00737E-06	RHS norm:  4.55179E-10
	 4.03691E-01	dY  norm:  3.31246E-10	RHS norm:  1.41887E-13
New solution point found


New point :	  1.15000000E+01    4.03690556E-01  

Computing curve direction     .....Ok!


Prediction :	  1.16000000E+01    4.00737300E-01  

Locating new solution point
Start:	 4.00737E-01	dY  norm:  0.00000E+00	RHS norm:  3.16434E-04
	 4.00760E-01	dY  norm:  2.30276E-04	RHS norm:  2.69140E-06
	 4.00760E-01	dY  norm:  1.94207E-06	RHS norm:  4.37005E-10
	 4.00760E-01	dY  norm:  3.15387E-10	RHS norm:  3.55271E-15
New solution point found


New point :	  1.16000000E+01    4.00760134E-01  

Computing curve direction     .....Ok!


Prediction :	  1.17000000E+01    3.97852373E-01  

Locating new solution point
Start:	 3.97852E-01	dY  norm:  0.00000E+00	RHS norm:  3.11486E-04
	 3.97875E-01	dY  norm:  2.24798E-04	RHS norm:  2.62613E-06
	 3.97875E-01	dY  norm:  1.87942E-06	RHS norm:  4.19641E-10
	 3.97875E-01	dY  norm:  3.00369E-10	RHS norm:  6.09512E-14
New solution point found


New point :	  1.17000000E+01    3.97874665E-01  

Computing curve direction     .....Ok!


Prediction :	  1.18000000E+01    3.95011323E-01  

Locating new solution point
Start:	 3.95011E-01	dY  norm:  0.00000E+00	RHS norm:  3.06655E-04
	 3.95033E-01	dY  norm:  2.19495E-04	RHS norm:  2.56298E-06
	 3.95033E-01	dY  norm:  1.81930E-06	RHS norm:  4.03220E-10
	 3.95033E-01	dY  norm:  2.86266E-10	RHS norm:  2.22045E-16
New solution point found


New point :	  1.18000000E+01    3.95033090E-01  

Computing curve direction     .....Ok!


Prediction :	  1.19000000E+01    3.92213123E-01  

Locating new solution point
Start:	 3.92213E-01	dY  norm:  0.00000E+00	RHS norm:  3.01939E-04
	 3.92235E-01	dY  norm:  2.14360E-04	RHS norm:  2.50185E-06
	 3.92234E-01	dY  norm:  1.76158E-06	RHS norm:  3.87745E-10
	 3.92234E-01	dY  norm:  2.73058E-10	RHS norm:  2.27929E-13
New solution point found


New point :	  1.19000000E+01    3.92234383E-01  

Computing curve direction     .....Ok!


Prediction :	  1.20000000E+01    3.89456780E-01  

Locating new solution point
Start:	 3.89457E-01	dY  norm:  0.00000E+00	RHS norm:  2.97331E-04
	 3.89478E-01	dY  norm:  2.09385E-04	RHS norm:  2.44266E-06
	 3.89478E-01	dY  norm:  1.70614E-06	RHS norm:  3.72547E-10
	 3.89478E-01	dY  norm:  2.60255E-10	RHS norm:  2.44249E-15
New solution point found


New point :	  1.20000000E+01    3.89477548E-01  

Computing curve direction     .....Ok!


Prediction :	  1.21000000E+01    3.86741332E-01  

Locating new solution point
Start:	 3.86741E-01	dY  norm:  0.00000E+00	RHS norm:  2.92832E-04
	 3.86762E-01	dY  norm:  2.04567E-04	RHS norm:  2.38535E-06
	 3.86762E-01	dY  norm:  1.65289E-06	RHS norm:  3.58254E-10
	 3.86762E-01	dY  norm:  2.48284E-10	RHS norm:  5.77094E-13
New solution point found


New point :	  1.21000000E+01    3.86761623E-01  


Variable 1 rescaled!


Prediction :	  1.21000000E+01    3.86761623E-01  

Locating new solution point
Start:	 3.86762E-01	dY  norm:  0.00000E+00	RHS norm:  5.76650E-13
New solution point found


New point :	  1.21000000E+01    3.86761623E-01  

Computing curve direction     .....Ok!


Prediction :	  1.22000000E+01    3.84065845E-01  

Locating new solution point
Start:	 3.84066E-01	dY  norm:  0.00000E+00	RHS norm:  2.88437E-04
	 3.84086E-01	dY  norm:  1.99897E-04	RHS norm:  2.32984E-06
	 3.84086E-01	dY  norm:  1.60172E-06	RHS norm:  3.45320E-10
	 3.84086E-01	dY  norm:  2.37436E-10	RHS norm:  1.44329E-15
New solution point found


New point :	  1.22000000E+01    3.84085674E-01  

Computing curve direction     .....Ok!


Prediction :	  1.23000000E+01    3.81429414E-01  

Locating new solution point
Start:	 3.81429E-01	dY  norm:  0.00000E+00	RHS norm:  2.84142E-04
	 3.81449E-01	dY  norm:  1.95370E-04	RHS norm:  2.27605E-06
	 3.81449E-01	dY  norm:  1.55253E-06	RHS norm:  3.30868E-10
	 3.81449E-01	dY  norm:  2.25723E-10	RHS norm:  2.32281E-12
New solution point found


New point :	  1.23000000E+01    3.81448796E-01  

Computing curve direction     .....Ok!


Prediction :	  1.24000000E+01    3.78831163E-01  

Locating new solution point
Start:	 3.78831E-01	dY  norm:  0.00000E+00	RHS norm:  2.79945E-04
	 3.78850E-01	dY  norm:  1.90981E-04	RHS norm:  2.22392E-06
	 3.78850E-01	dY  norm:  1.50522E-06	RHS norm:  3.17601E-10
	 3.78850E-01	dY  norm:  2.14993E-10	RHS norm:  1.22125E-15
New solution point found


New point :	  1.24000000E+01    3.78850111E-01  

Computing curve direction     .....Ok!


Prediction :	  1.25000000E+01    3.76270241E-01  

Locating new solution point
Start:	 3.76270E-01	dY  norm:  0.00000E+00	RHS norm:  2.75841E-04
	 3.76289E-01	dY  norm:  1.86724E-04	RHS norm:  2.17339E-06
	 3.76289E-01	dY  norm:  1.45972E-06	RHS norm:  3.06563E-10
	 3.76289E-01	dY  norm:  2.05926E-10	RHS norm:  8.49543E-13
New solution point found


New point :	  1.25000000E+01    3.76288768E-01  

Computing curve direction     .....Ok!


Prediction :	  1.26000000E+01    3.73745824E-01  

Locating new solution point
Start:	 3.73746E-01	dY  norm:  0.00000E+00	RHS norm:  2.71830E-04
	 3.73764E-01	dY  norm:  1.82594E-04	RHS norm:  2.12439E-06
	 3.73764E-01	dY  norm:  1.41594E-06	RHS norm:  2.96058E-10
	 3.73764E-01	dY  norm:  1.97354E-10	RHS norm:  1.69476E-12
New solution point found


New point :	  1.26000000E+01    3.73763941E-01  

Computing curve direction     .....Ok!


Prediction :	  1.27000000E+01    3.71257109E-01  

Locating new solution point
Start:	 3.71257E-01	dY  norm:  0.00000E+00	RHS norm:  2.67907E-04
	 3.71275E-01	dY  norm:  1.78587E-04	RHS norm:  2.07686E-06
	 3.71275E-01	dY  norm:  1.37379E-06	RHS norm:  2.84428E-10
	 3.71275E-01	dY  norm:  1.88168E-10	RHS norm:  8.15015E-13
New solution point found


New point :	  1.27000000E+01    3.71274831E-01  

Computing curve direction     .....Ok!


Prediction :	  1.28000000E+01    3.68803321E-01  

Locating new solution point
Start:	 3.68803E-01	dY  norm:  0.00000E+00	RHS norm:  2.64070E-04
	 3.68821E-01	dY  norm:  1.74698E-04	RHS norm:  2.03076E-06
	 3.68821E-01	dY  norm:  1.33322E-06	RHS norm:  2.75665E-10
	 3.68821E-01	dY  norm:  1.81002E-10	RHS norm:  2.88658E-15
New solution point found


New point :	  1.28000000E+01    3.68820658E-01  

Computing curve direction     .....Ok!


Prediction :	  1.29000000E+01    3.66383705E-01  

Locating new solution point
Start:	 3.66384E-01	dY  norm:  0.00000E+00	RHS norm:  2.60317E-04
	 3.66401E-01	dY  norm:  1.70923E-04	RHS norm:  1.98602E-06
	 3.66401E-01	dY  norm:  1.29414E-06	RHS norm:  2.65009E-10
	 3.66401E-01	dY  norm:  1.72709E-10	RHS norm:  7.24087E-13
New solution point found


New point :	  1.29000000E+01    3.66400668E-01  

Computing curve direction     .....Ok!


Prediction :	  1.30000000E+01    3.63997529E-01  

Locating new solution point
Start:	 3.63998E-01	dY  norm:  0.00000E+00	RHS norm:  2.56645E-04
	 3.64014E-01	dY  norm:  1.67258E-04	RHS norm:  1.94260E-06
	 3.64014E-01	dY  norm:  1.25649E-06	RHS norm:  2.54882E-10
	 3.64014E-01	dY  norm:  1.64882E-10	RHS norm:  5.77316E-15
New solution point found


New point :	  1.30000000E+01    3.64014129E-01  

Computing curve direction     .....Ok!


Prediction :	  1.31000000E+01    3.61644081E-01  

Locating new solution point
Start:	 3.61644E-01	dY  norm:  0.00000E+00	RHS norm:  2.53052E-04
	 3.61660E-01	dY  norm:  1.63697E-04	RHS norm:  1.90044E-06
	 3.61660E-01	dY  norm:  1.22022E-06	RHS norm:  2.45336E-10
	 3.61660E-01	dY  norm:  1.57543E-10	RHS norm:  5.67879E-13
New solution point found


New point :	  1.31000000E+01    3.61660328E-01  

Computing curve direction     .....Ok!


Prediction :	  1.32000000E+01    3.59322669E-01  

Locating new solution point
Start:	 3.59323E-01	dY  norm:  0.00000E+00	RHS norm:  2.49535E-04
	 3.59339E-01	dY  norm:  1.60239E-04	RHS norm:  1.85951E-06
	 3.59339E-01	dY  norm:  1.18525E-06	RHS norm:  2.37784E-10
	 3.59339E-01	dY  norm:  1.51583E-10	RHS norm:  4.63962E-13
New solution point found


New point :	  1.32000000E+01    3.59338575E-01  

Computing curve direction     .....Ok!


Prediction :	  1.33000000E+01    3.57032623E-01  

Locating new solution point
Start:	 3.57033E-01	dY  norm:  0.00000E+00	RHS norm:  2.46093E-04
	 3.57048E-01	dY  norm:  1.56879E-04	RHS norm:  1.81975E-06
	 3.57048E-01	dY  norm:  1.15153E-06	RHS norm:  2.29836E-10
	 3.57048E-01	dY  norm:  1.45458E-10	RHS norm:  2.88658E-15
New solution point found


New point :	  1.33000000E+01    3.57048196E-01  

Computing curve direction     .....Ok!


Prediction :	  1.34000000E+01    3.54773290E-01  

Locating new solution point
Start:	 3.54773E-01	dY  norm:  0.00000E+00	RHS norm:  2.42723E-04
	 3.54789E-01	dY  norm:  1.53613E-04	RHS norm:  1.78113E-06
	 3.54789E-01	dY  norm:  1.11902E-06	RHS norm:  2.21252E-10
	 3.54789E-01	dY  norm:  1.39022E-10	RHS norm:  2.66676E-13
New solution point found


New point :	  1.34000000E+01    3.54788539E-01  

Computing curve direction     .....Ok!


Prediction :	  1.35000000E+01    3.52544035E-01  

Locating new solution point
Start:	 3.52544E-01	dY  norm:  0.00000E+00	RHS norm:  2.39423E-04
	 3.52559E-01	dY  norm:  1.50438E-04	RHS norm:  1.74360E-06
	 3.52559E-01	dY  norm:  1.08765E-06	RHS norm:  2.14028E-10
	 3.52559E-01	dY  norm:  1.33526E-10	RHS norm:  1.52989E-13
New solution point found


New point :	  1.35000000E+01    3.52558970E-01  

Computing curve direction     .....Ok!


Prediction :	  1.36000000E+01    3.50344242E-01  

Locating new solution point
Start:	 3.50344E-01	dY  norm:  0.00000E+00	RHS norm:  2.36191E-04
	 3.50359E-01	dY  norm:  1.47352E-04	RHS norm:  1.70713E-06
	 3.50359E-01	dY  norm:  1.05738E-06	RHS norm:  2.06631E-10
	 3.50359E-01	dY  norm:  1.28001E-10	RHS norm:  3.28626E-14
New solution point found


New point :	  1.36000000E+01    3.50358872E-01  

Computing curve direction     .....Ok!


Prediction :	  1.37000000E+01    3.48173311E-01  

Locating new solution point
Start:	 3.48173E-01	dY  norm:  0.00000E+00	RHS norm:  2.33026E-04
	 3.48188E-01	dY  norm:  1.44350E-04	RHS norm:  1.67168E-06
	 3.48188E-01	dY  norm:  1.02816E-06	RHS norm:  1.99549E-10
	 3.48188E-01	dY  norm:  1.22747E-10	RHS norm:  3.10862E-15
New solution point found


New point :	  1.37000000E+01    3.48187643E-01  

Computing curve direction     .....Ok!


Prediction :	  1.38000000E+01    3.46030658E-01  

Locating new solution point
Start:	 3.46031E-01	dY  norm:  0.00000E+00	RHS norm:  2.29925E-04
	 3.46045E-01	dY  norm:  1.41431E-04	RHS norm:  1.63721E-06
	 3.46045E-01	dY  norm:  9.99955E-07	RHS norm:  1.92426E-10
	 3.46045E-01	dY  norm:  1.17542E-10	RHS norm:  3.90243E-13
New solution point found


New point :	  1.38000000E+01    3.46044701E-01  

Computing curve direction     .....Ok!


Prediction :	  1.39000000E+01    3.43915716E-01  

Locating new solution point
Start:	 3.43916E-01	dY  norm:  0.00000E+00	RHS norm:  2.26887E-04
	 3.43930E-01	dY  norm:  1.38591E-04	RHS norm:  1.60369E-06
	 3.43929E-01	dY  norm:  9.72715E-07	RHS norm:  1.86365E-10
	 3.43929E-01	dY  norm:  1.13053E-10	RHS norm:  1.11022E-16
New solution point found


New point :	  1.39000000E+01    3.43929477E-01  

Computing curve direction     .....Ok!


Prediction :	  1.40000000E+01    3.41827932E-01  

Locating new solution point
Start:	 3.41828E-01	dY  norm:  0.00000E+00	RHS norm:  2.23910E-04
	 3.41842E-01	dY  norm:  1.35827E-04	RHS norm:  1.57108E-06
	 3.41841E-01	dY  norm:  9.46402E-07	RHS norm:  1.80163E-10
	 3.41841E-01	dY  norm:  1.08540E-10	RHS norm:  4.19331E-13
New solution point found


New point :	  1.40000000E+01    3.41841420E-01  

Computing curve direction     .....Ok!


Prediction :	  1.41000000E+01    3.39766769E-01  

Locating new solution point
Start:	 3.39767E-01	dY  norm:  0.00000E+00	RHS norm:  2.20992E-04
	 3.39780E-01	dY  norm:  1.33138E-04	RHS norm:  1.53936E-06
	 3.39780E-01	dY  norm:  9.20979E-07	RHS norm:  1.74741E-10
	 3.39780E-01	dY  norm:  1.04557E-10	RHS norm:  1.04960E-12
New solution point found


New point :	  1.41000000E+01    3.39779991E-01  

Computing curve direction     .....Ok!


Prediction :	  1.42000000E+01    3.37731704E-01  

Locating new solution point
Start:	 3.37732E-01	dY  norm:  0.00000E+00	RHS norm:  2.18132E-04
	 3.37745E-01	dY  norm:  1.30520E-04	RHS norm:  1.50849E-06
	 3.37745E-01	dY  norm:  8.96409E-07	RHS norm:  1.69117E-10
	 3.37745E-01	dY  norm:  1.00507E-10	RHS norm:  1.77636E-15
New solution point found


New point :	  1.42000000E+01    3.37744666E-01  

Computing curve direction     .....Ok!


Prediction :	  1.43000000E+01    3.35722227E-01  

Locating new solution point
Start:	 3.35722E-01	dY  norm:  0.00000E+00	RHS norm:  2.15328E-04
	 3.35735E-01	dY  norm:  1.27970E-04	RHS norm:  1.47845E-06
	 3.35735E-01	dY  norm:  8.72659E-07	RHS norm:  1.63005E-10
	 3.35735E-01	dY  norm:  9.62245E-11	RHS norm:  1.43907E-12
New solution point found


New point :	  1.43000000E+01    3.35734936E-01  

Computing curve direction     .....Ok!


Prediction :	  1.44000000E+01    3.33737842E-01  

Locating new solution point
Start:	 3.33738E-01	dY  norm:  0.00000E+00	RHS norm:  2.12580E-04
	 3.33750E-01	dY  norm:  1.25488E-04	RHS norm:  1.44921E-06
	 3.33750E-01	dY  norm:  8.49696E-07	RHS norm:  1.56924E-10
	 3.33750E-01	dY  norm:  9.20168E-11	RHS norm:  1.61526E-12
New solution point found


New point :	  1.44000000E+01    3.33750306E-01  

Computing curve direction     .....Ok!


Prediction :	  1.45000000E+01    3.31778066E-01  

Locating new solution point
Start:	 3.31778E-01	dY  norm:  0.00000E+00	RHS norm:  2.09884E-04
	 3.31790E-01	dY  norm:  1.23071E-04	RHS norm:  1.42075E-06
	 3.31790E-01	dY  norm:  8.27488E-07	RHS norm:  1.51792E-10
	 3.31790E-01	dY  norm:  8.84182E-11	RHS norm:  8.88178E-16
New solution point found


New point :	  1.45000000E+01    3.31790290E-01  

Computing curve direction     .....Ok!


Prediction :	  1.46000000E+01    3.29842428E-01  

Locating new solution point
Start:	 3.29842E-01	dY  norm:  0.00000E+00	RHS norm:  2.07240E-04
	 3.29854E-01	dY  norm:  1.20716E-04	RHS norm:  1.39302E-06
	 3.29854E-01	dY  norm:  8.06005E-07	RHS norm:  1.48754E-10
	 3.29854E-01	dY  norm:  8.60783E-11	RHS norm:  9.58122E-13
New solution point found


New point :	  1.46000000E+01    3.29854419E-01  

Computing curve direction     .....Ok!


Prediction :	  1.47000000E+01    3.27930469E-01  

Locating new solution point
Start:	 3.27930E-01	dY  norm:  0.00000E+00	RHS norm:  2.04647E-04
	 3.27942E-01	dY  norm:  1.18421E-04	RHS norm:  1.36602E-06
	 3.27942E-01	dY  norm:  7.85219E-07	RHS norm:  1.41069E-10
	 3.27942E-01	dY  norm:  8.10981E-11	RHS norm:  1.02152E-12
New solution point found


New point :	  1.47000000E+01    3.27942233E-01  

Computing curve direction     .....Ok!


Prediction :	  1.48000000E+01    3.26041744E-01  

Locating new solution point
Start:	 3.26042E-01	dY  norm:  0.00000E+00	RHS norm:  2.02103E-04
	 3.26053E-01	dY  norm:  1.16185E-04	RHS norm:  1.33972E-06
	 3.26053E-01	dY  norm:  7.65103E-07	RHS norm:  1.39668E-10
	 3.26053E-01	dY  norm:  7.97717E-11	RHS norm:  1.07625E-12
New solution point found


New point :	  1.48000000E+01    3.26053286E-01  

Computing curve direction     .....Ok!


Prediction :	  1.49000000E+01    3.24175815E-01  

Locating new solution point
Start:	 3.24176E-01	dY  norm:  0.00000E+00	RHS norm:  1.99607E-04
	 3.24187E-01	dY  norm:  1.14006E-04	RHS norm:  1.31409E-06
	 3.24187E-01	dY  norm:  7.45631E-07	RHS norm:  1.35380E-10
	 3.24187E-01	dY  norm:  7.68244E-11	RHS norm:  1.12310E-12
New solution point found


New point :	  1.49000000E+01    3.24187141E-01  

Computing curve direction     .....Ok!


Prediction :	  1.50000000E+01    3.22332259E-01  

Locating new solution point
Start:	 3.22332E-01	dY  norm:  0.00000E+00	RHS norm:  1.97158E-04
	 3.22343E-01	dY  norm:  1.11881E-04	RHS norm:  1.28911E-06
	 3.22343E-01	dY  norm:  7.26778E-07	RHS norm:  1.30078E-10
	 3.22343E-01	dY  norm:  7.33429E-11	RHS norm:  2.31482E-12
New solution point found


New point :	  1.50000000E+01    3.22343374E-01  

Computing curve direction     .....Ok!


Prediction :	  1.51000000E+01    3.20510661E-01  

Locating new solution point
Start:	 3.20511E-01	dY  norm:  0.00000E+00	RHS norm:  1.94755E-04
	 3.20522E-01	dY  norm:  1.09810E-04	RHS norm:  1.26477E-06
	 3.20522E-01	dY  norm:  7.08522E-07	RHS norm:  1.24882E-10
	 3.20522E-01	dY  norm:  6.99654E-11	RHS norm:  1.18383E-12
New solution point found


New point :	  1.51000000E+01    3.20521571E-01  

Computing curve direction     .....Ok!


Prediction :	  1.52000000E+01    3.18710618E-01  

Locating new solution point
Start:	 3.18711E-01	dY  norm:  0.00000E+00	RHS norm:  1.92396E-04
	 3.18721E-01	dY  norm:  1.07790E-04	RHS norm:  1.24104E-06
	 3.18721E-01	dY  norm:  6.90837E-07	RHS norm:  1.25765E-10
	 3.18721E-01	dY  norm:  7.00154E-11	RHS norm:  2.39964E-12
New solution point found


New point :	  1.52000000E+01    3.18721327E-01  

Computing curve direction     .....Ok!


Prediction :	  1.53000000E+01    3.16931735E-01  

Locating new solution point
Start:	 3.16932E-01	dY  norm:  0.00000E+00	RHS norm:  1.90080E-04
	 3.16942E-01	dY  norm:  1.05819E-04	RHS norm:  1.21791E-06
	 3.16942E-01	dY  norm:  6.73707E-07	RHS norm:  1.18458E-10
	 3.16942E-01	dY  norm:  6.55329E-11	RHS norm:  2.40008E-12
New solution point found


New point :	  1.53000000E+01    3.16942250E-01  

Computing curve direction     .....Ok!


Prediction :	  1.54000000E+01    3.15173629E-01  

Locating new solution point
Start:	 3.15174E-01	dY  norm:  0.00000E+00	RHS norm:  1.87807E-04
	 3.15184E-01	dY  norm:  1.03898E-04	RHS norm:  1.19535E-06
	 3.15184E-01	dY  norm:  6.57105E-07	RHS norm:  1.16064E-10
	 3.15184E-01	dY  norm:  6.38085E-11	RHS norm:  2.66454E-15
New solution point found


New point :	  1.54000000E+01    3.15183953E-01  

Computing curve direction     .....Ok!


Prediction :	  1.55000000E+01    3.13435925E-01  

Locating new solution point
Start:	 3.13436E-01	dY  norm:  0.00000E+00	RHS norm:  1.85575E-04
	 3.13446E-01	dY  norm:  1.02023E-04	RHS norm:  1.17335E-06
	 3.13446E-01	dY  norm:  6.41015E-07	RHS norm:  1.12583E-10
	 3.13446E-01	dY  norm:  6.15111E-11	RHS norm:  1.17151E-12
New solution point found


New point :	  1.55000000E+01    3.13446063E-01  

Computing curve direction     .....Ok!


Prediction :	  1.56000000E+01    3.11718257E-01  

Locating new solution point
Start:	 3.11718E-01	dY  norm:  0.00000E+00	RHS norm:  1.83383E-04
	 3.11728E-01	dY  norm:  1.00193E-04	RHS norm:  1.15189E-06
	 3.11728E-01	dY  norm:  6.25417E-07	RHS norm:  1.06908E-10
	 3.11728E-01	dY  norm:  5.80513E-11	RHS norm:  1.14864E-12
New solution point found


New point :	  1.56000000E+01    3.11728214E-01  

Computing curve direction     .....Ok!


Prediction :	  1.57000000E+01    3.10020269E-01  

Locating new solution point
Start:	 3.10020E-01	dY  norm:  0.00000E+00	RHS norm:  1.81231E-04
	 3.10030E-01	dY  norm:  9.84077E-05	RHS norm:  1.13095E-06
	 3.10030E-01	dY  norm:  6.10294E-07	RHS norm:  1.05398E-10
	 3.10030E-01	dY  norm:  5.68813E-11	RHS norm:  2.23266E-12
New solution point found


New point :	  1.57000000E+01    3.10030048E-01  

Computing curve direction     .....Ok!


Prediction :	  1.58000000E+01    3.08341611E-01  

Locating new solution point
Start:	 3.08342E-01	dY  norm:  0.00000E+00	RHS norm:  1.79117E-04
	 3.08351E-01	dY  norm:  9.66648E-05	RHS norm:  1.11052E-06
	 3.08351E-01	dY  norm:  5.95628E-07	RHS norm:  1.04421E-10
	 3.08351E-01	dY  norm:  5.60114E-11	RHS norm:  3.20943E-12
New solution point found


New point :	  1.58000000E+01    3.08351218E-01  

Computing curve direction     .....Ok!


Prediction :	  1.59000000E+01    3.06681944E-01  

Locating new solution point
Start:	 3.06682E-01	dY  norm:  0.00000E+00	RHS norm:  1.77040E-04
	 3.06691E-01	dY  norm:  9.49634E-05	RHS norm:  1.09058E-06
	 3.06691E-01	dY  norm:  5.81402E-07	RHS norm:  1.00273E-10
	 3.06691E-01	dY  norm:  5.34619E-11	RHS norm:  1.52456E-12
New solution point found


New point :	  1.59000000E+01    3.06691382E-01  

Computing curve direction     .....Ok!


Prediction :	  1.60000000E+01    3.05040936E-01  

Locating new solution point
Start:	 3.05041E-01	dY  norm:  0.00000E+00	RHS norm:  1.74999E-04
	 3.05050E-01	dY  norm:  9.33021E-05	RHS norm:  1.07112E-06
	 3.05050E-01	dY  norm:  5.67601E-07	RHS norm:  9.63467E-11
	 3.05050E-01	dY  norm:  5.10600E-11	RHS norm:  4.72289E-13
New solution point found


New point :	  1.60000000E+01    3.05050209E-01  
